<?xml version="1.0" encoding="UTF-8"?>
<testng-results ignored="0" total="1" passed="1" failed="0" skipped="0">
  <reporter-output>
  </reporter-output>
  <suite started-at="2025-01-08T10:47:58 CET" name="Default suite" finished-at="2025-01-08T10:48:07 CET" duration-ms="9310">
    <groups>
    </groups>
    <test started-at="2025-01-08T10:47:58 CET" name="Default test" finished-at="2025-01-08T10:48:07 CET" duration-ms="9310">
      <class name="com.testcases.RegistrationAndLoginTest">
        <test-method signature="registration()[pri:0, instance:com.testcases.RegistrationAndLoginTest@3eb738bb]" started-at="2025-01-08T10:47:58 CET" name="registration" finished-at="2025-01-08T10:48:07 CET" duration-ms="9255" status="PASS">
          <reporter-output>
          </reporter-output>
        </test-method> <!-- registration -->
      </class> <!-- com.testcases.RegistrationAndLoginTest -->
    </test> <!-- Default test -->
  </suite> <!-- Default suite -->
</testng-results>
